{"C:\\Users\\aleks\\github\\javascript\\alekscudars.com\\pages\\api\\last-commit.js": {"path":"C:\\Users\\aleks\\github\\javascript\\alekscudars.com\\pages\\api\\last-commit.js","all":false,"statementMap":{"0":{"start":{"line":1,"column":0},"end":{"line":1,"column":52}},"1":{"start":{"line":2,"column":0},"end":{"line":2,"column":37}},"2":{"start":{"line":3,"column":0},"end":{"line":3,"column":24}},"3":{"start":{"line":4,"column":0},"end":{"line":4,"column":0}},"4":{"start":{"line":5,"column":0},"end":{"line":5,"column":49}},"5":{"start":{"line":6,"column":0},"end":{"line":6,"column":29}},"6":{"start":{"line":7,"column":0},"end":{"line":7,"column":0}},"7":{"start":{"line":8,"column":0},"end":{"line":8,"column":60}},"8":{"start":{"line":9,"column":0},"end":{"line":9,"column":76}},"9":{"start":{"line":10,"column":0},"end":{"line":10,"column":69}},"10":{"start":{"line":11,"column":0},"end":{"line":11,"column":3}},"11":{"start":{"line":12,"column":0},"end":{"line":12,"column":0}},"12":{"start":{"line":13,"column":0},"end":{"line":13,"column":60}},"13":{"start":{"line":14,"column":0},"end":{"line":14,"column":50}},"14":{"start":{"line":15,"column":0},"end":{"line":15,"column":0}},"15":{"start":{"line":16,"column":0},"end":{"line":16,"column":7}},"16":{"start":{"line":17,"column":0},"end":{"line":17,"column":76}},"17":{"start":{"line":18,"column":0},"end":{"line":18,"column":9}},"18":{"start":{"line":19,"column":0},"end":{"line":19,"column":55}},"19":{"start":{"line":20,"column":0},"end":{"line":20,"column":34}},"20":{"start":{"line":21,"column":0},"end":{"line":21,"column":20}},"21":{"start":{"line":22,"column":0},"end":{"line":22,"column":65}},"22":{"start":{"line":23,"column":0},"end":{"line":23,"column":78}},"23":{"start":{"line":24,"column":0},"end":{"line":24,"column":9}},"24":{"start":{"line":25,"column":0},"end":{"line":25,"column":0}},"25":{"start":{"line":26,"column":0},"end":{"line":26,"column":21}},"26":{"start":{"line":27,"column":0},"end":{"line":27,"column":57}},"27":{"start":{"line":28,"column":0},"end":{"line":28,"column":9}},"28":{"start":{"line":29,"column":0},"end":{"line":29,"column":0}},"29":{"start":{"line":30,"column":0},"end":{"line":30,"column":35}},"30":{"start":{"line":31,"column":0},"end":{"line":31,"column":0}},"31":{"start":{"line":32,"column":0},"end":{"line":32,"column":20}},"32":{"start":{"line":33,"column":0},"end":{"line":33,"column":76}},"33":{"start":{"line":34,"column":0},"end":{"line":34,"column":9}},"34":{"start":{"line":35,"column":0},"end":{"line":35,"column":0}},"35":{"start":{"line":36,"column":0},"end":{"line":36,"column":46}},"36":{"start":{"line":37,"column":0},"end":{"line":37,"column":7}},"37":{"start":{"line":38,"column":0},"end":{"line":38,"column":6}},"38":{"start":{"line":39,"column":0},"end":{"line":39,"column":19}},"39":{"start":{"line":40,"column":0},"end":{"line":40,"column":35}},"40":{"start":{"line":41,"column":0},"end":{"line":41,"column":68}},"41":{"start":{"line":42,"column":0},"end":{"line":42,"column":3}},"42":{"start":{"line":43,"column":0},"end":{"line":43,"column":1}}},"s":{"0":1,"1":1,"2":1,"3":1,"4":1,"5":8,"6":8,"7":8,"8":8,"9":3,"10":3,"11":5,"12":5,"13":5,"14":5,"15":5,"16":5,"17":5,"18":5,"19":5,"20":4,"21":1,"22":1,"23":1,"24":3,"25":4,"26":1,"27":1,"28":3,"29":3,"30":3,"31":4,"32":1,"33":1,"34":2,"35":2,"36":4,"37":5,"38":8,"39":1,"40":1,"41":1,"42":8},"branchMap":{"0":{"type":"branch","line":5,"loc":{"start":{"line":5,"column":15},"end":{"line":43,"column":1}},"locations":[{"start":{"line":5,"column":15},"end":{"line":43,"column":1}}]},"1":{"type":"branch","line":9,"loc":{"start":{"line":9,"column":12},"end":{"line":9,"column":34}},"locations":[{"start":{"line":9,"column":12},"end":{"line":9,"column":34}}]},"2":{"type":"branch","line":9,"loc":{"start":{"line":9,"column":35},"end":{"line":9,"column":73}},"locations":[{"start":{"line":9,"column":35},"end":{"line":9,"column":73}}]},"3":{"type":"branch","line":9,"loc":{"start":{"line":9,"column":75},"end":{"line":11,"column":3}},"locations":[{"start":{"line":9,"column":75},"end":{"line":11,"column":3}}]},"4":{"type":"branch","line":11,"loc":{"start":{"line":11,"column":2},"end":{"line":39,"column":4}},"locations":[{"start":{"line":11,"column":2},"end":{"line":39,"column":4}}]},"5":{"type":"branch","line":39,"loc":{"start":{"line":39,"column":4},"end":{"line":42,"column":3}},"locations":[{"start":{"line":39,"column":4},"end":{"line":42,"column":3}}]},"6":{"type":"branch","line":20,"loc":{"start":{"line":20,"column":6},"end":{"line":37,"column":7}},"locations":[{"start":{"line":20,"column":6},"end":{"line":37,"column":7}}]},"7":{"type":"branch","line":21,"loc":{"start":{"line":21,"column":19},"end":{"line":24,"column":9}},"locations":[{"start":{"line":21,"column":19},"end":{"line":24,"column":9}}]},"8":{"type":"branch","line":24,"loc":{"start":{"line":24,"column":8},"end":{"line":26,"column":20}},"locations":[{"start":{"line":24,"column":8},"end":{"line":26,"column":20}}]},"9":{"type":"branch","line":26,"loc":{"start":{"line":26,"column":20},"end":{"line":28,"column":9}},"locations":[{"start":{"line":26,"column":20},"end":{"line":28,"column":9}}]},"10":{"type":"branch","line":28,"loc":{"start":{"line":28,"column":8},"end":{"line":32,"column":19}},"locations":[{"start":{"line":28,"column":8},"end":{"line":32,"column":19}}]},"11":{"type":"branch","line":32,"loc":{"start":{"line":32,"column":19},"end":{"line":34,"column":9}},"locations":[{"start":{"line":32,"column":19},"end":{"line":34,"column":9}}]},"12":{"type":"branch","line":34,"loc":{"start":{"line":34,"column":8},"end":{"line":37,"column":6}},"locations":[{"start":{"line":34,"column":8},"end":{"line":37,"column":6}}]}},"b":{"0":[8],"1":[7],"2":[6],"3":[3],"4":[5],"5":[1],"6":[4],"7":[1],"8":[3],"9":[1],"10":[3],"11":[1],"12":[2]},"fnMap":{"0":{"name":"handler","decl":{"start":{"line":5,"column":15},"end":{"line":43,"column":1}},"loc":{"start":{"line":5,"column":15},"end":{"line":43,"column":1}},"line":5}},"f":{"0":8}}
}
